 INFO ahn: Adhearsion initialized!
 INFO agi: Handling call with variables {:dnid=>4107572215, :type=>"SIP", :priority=>2, :callingpres=>0, :type_of_calling_number=>:unknown, :calleridname=>4107572215, :callingtns=>0, :extension=>4107572215, :rdnis=>nil, :language=>"en", :network=>true, :query=>{}, :channel=>"SIP/4106475812-08ad4c40", :callingani2=>0, :callerid=>4105705739, :request=>#<URI::Generic:0xff947a URL:agi://192.168.1.3:4573>, :accountcode=>"", :uniqueid=>1224436256.103, :context=>"inboundpots", :enhanced=>0.0}
ERROR agi: #<ArgumentError: Can't coerce nil into AGI response! This could be a bug!>
ERROR agi:      /Library/Ruby/Gems/1.8/gems/jicksta-adhearsion-0.7.999/lib/adhearsion/voip/asterisk/commands.rb:808:in `result_digit_from'
     /Library/Ruby/Gems/1.8/gems/jicksta-adhearsion-0.7.999/lib/adhearsion/voip/asterisk/commands.rb:741:in `interruptable_play'
     /Library/Ruby/Gems/1.8/gems/jicksta-adhearsion-0.7.999/lib/adhearsion/voip/asterisk/commands.rb:740:in `each'
     /Library/Ruby/Gems/1.8/gems/jicksta-adhearsion-0.7.999/lib/adhearsion/voip/asterisk/commands.rb:740:in `interruptable_play'
     /Library/Ruby/Gems/1.8/gems/jicksta-adhearsion-0.7.999/lib/adhearsion/voip/asterisk/commands.rb:395:in `input'
     /Users/davetroy/Development/votereport/adhearsion/components/vote_report/lib/vote_report.rb:35:in `get_digits'
     /Users/davetroy/Development/votereport/adhearsion/components/vote_report/lib/vote_report.rb:42:in `collect_zip'
     /Users/davetroy/Development/votereport/adhearsion/components/vote_report/lib/vote_report.rb:51:in `confirm'
     /Users/davetroy/Development/votereport/adhearsion/components/vote_report/lib/vote_report.rb:41:in `collect_zip'
     /Users/davetroy/Development/votereport/adhearsion/components/vote_report/lib/vote_report.rb:10:in `start'
     (eval):17:in `build'
     /Library/Ruby/Gems/1.8/gems/jicksta-adhearsion-0.7.999/lib/adhearsion/voip/dial_plan.rb:39:in `instance_eval'
     /Library/Ruby/Gems/1.8/gems/jicksta-adhearsion-0.7.999/lib/adhearsion/voip/dial_plan.rb:39:in `run'
     /Library/Ruby/Gems/1.8/gems/jicksta-adhearsion-0.7.999/lib/adhearsion/voip/dial_plan.rb:100:in `handle'
     /Library/Ruby/Gems/1.8/gems/jicksta-adhearsion-0.7.999/lib/adhearsion/voip/dial_plan.rb:75:in `handle'
     /Library/Ruby/Gems/1.8/gems/jicksta-adhearsion-0.7.999/lib/adhearsion/voip/asterisk/agi_server.rb:23:in `serve'
     /System/Library/Frameworks/Ruby.framework/Versions/1.8/usr/lib/ruby/1.8/gserver.rb:211:in `start'
     /System/Library/Frameworks/Ruby.framework/Versions/1.8/usr/lib/ruby/1.8/gserver.rb:208:in `initialize'
     /System/Library/Frameworks/Ruby.framework/Versions/1.8/usr/lib/ruby/1.8/gserver.rb:208:in `new'
     /System/Library/Frameworks/Ruby.framework/Versions/1.8/usr/lib/ruby/1.8/gserver.rb:208:in `start'
     /System/Library/Frameworks/Ruby.framework/Versions/1.8/usr/lib/ruby/1.8/gserver.rb:198:in `initialize'
     /System/Library/Frameworks/Ruby.framework/Versions/1.8/usr/lib/ruby/1.8/gserver.rb:198:in `new'
     /System/Library/Frameworks/Ruby.framework/Versions/1.8/usr/lib/ruby/1.8/gserver.rb:198:in `start'
     /Library/Ruby/Gems/1.8/gems/jicksta-adhearsion-0.7.999/lib/adhearsion/voip/asterisk/agi_server.rb:66:in `start'
     /Library/Ruby/Gems/1.8/gems/jicksta-adhearsion-0.7.999/lib/adhearsion/initializer/asterisk.rb:45:in `join_server_thread_after_initialized'
     /Library/Ruby/Gems/1.8/gems/activesupport-2.1.1/lib/active_support/core_ext/symbol.rb:11:in `call'
     /Library/Ruby/Gems/1.8/gems/activesupport-2.1.1/lib/active_support/core_ext/symbol.rb:11:in `__send__'
     /Library/Ruby/Gems/1.8/gems/activesupport-2.1.1/lib/active_support/core_ext/symbol.rb:11:in `to_proc'
     /Library/Ruby/Gems/1.8/gems/jicksta-adhearsion-0.7.999/lib/adhearsion/hooks.rb:20:in `each'
     /Library/Ruby/Gems/1.8/gems/jicksta-adhearsion-0.7.999/lib/adhearsion/hooks.rb:20:in `trigger_hooks'
     /Library/Ruby/Gems/1.8/gems/jicksta-adhearsion-0.7.999/lib/adhearsion/initializer.rb:208:in `trigger_after_initialized_hooks'
     /Library/Ruby/Gems/1.8/gems/jicksta-adhearsion-0.7.999/lib/adhearsion/initializer.rb:109:in `start'
     /Library/Ruby/Gems/1.8/gems/jicksta-adhearsion-0.7.999/lib/adhearsion/initializer.rb:57:in `start'
     /Library/Ruby/Gems/1.8/gems/jicksta-adhearsion-0.7.999/lib/adhearsion/cli.rb:70:in `start'
     /Library/Ruby/Gems/1.8/gems/jicksta-adhearsion-0.7.999/lib/adhearsion/cli.rb:18:in `send'
     /Library/Ruby/Gems/1.8/gems/jicksta-adhearsion-0.7.999/lib/adhearsion/cli.rb:18:in `execute!'
     /Library/Ruby/Gems/1.8/gems/jicksta-adhearsion-0.7.999/bin/ahn:28
     /usr/bin/ahn:19:in `load'
     /usr/bin/ahn:19
 INFO agi: Handling call with variables {:dnid=>4107572215, :type=>"SIP", :priority=>2, :callingpres=>0, :type_of_calling_number=>:unknown, :calleridname=>4107572215, :callingtns=>0, :extension=>4107572215, :rdnis=>nil, :language=>"en", :network=>true, :query=>{}, :channel=>"SIP/4106475812-08af6180", :callingani2=>0, :callerid=>4105705739, :request=>#<URI::Generic:0xfeca0e URL:agi://192.168.1.3:4573>, :accountcode=>"", :uniqueid=>1224436759.104, :context=>"inboundpots", :enhanced=>0.0}
 INFO agi: Handling call with variables {:dnid=>4107572215, :type=>"SIP", :priority=>2, :callingpres=>0, :type_of_calling_number=>:unknown, :calleridname=>4107572215, :callingtns=>0, :extension=>4107572215, :rdnis=>nil, :language=>"en", :network=>true, :query=>{}, :channel=>"SIP/4106475812-08ad4c40", :callingani2=>0, :callerid=>7744878152, :request=>#<URI::Generic:0x121e57a URL:agi://192.168.1.3:4573>, :accountcode=>"", :uniqueid=>1224439415.105, :context=>"inboundpots", :enhanced=>0.0}
 INFO agi: Handling call with variables {:dnid=>4107572215, :type=>"SIP", :priority=>2, :callingpres=>0, :type_of_calling_number=>:unknown, :calleridname=>4107572215, :callingtns=>0, :extension=>4107572215, :rdnis=>nil, :language=>"en", :network=>true, :query=>{}, :channel=>"SIP/4106475812-08ad4c40", :callingani2=>0, :callerid=>"Restricted", :request=>#<URI::Generic:0x120c08c URL:agi://192.168.1.3:4573>, :accountcode=>"", :uniqueid=>1224538614.133, :context=>"inboundpots", :enhanced=>0.0}
ERROR agi: #<ArgumentError: Can't coerce nil into AGI response! This could be a bug!>
ERROR agi:      /Library/Ruby/Gems/1.8/gems/jicksta-adhearsion-0.7.999/lib/adhearsion/voip/asterisk/commands.rb:808:in `result_digit_from'
     /Library/Ruby/Gems/1.8/gems/jicksta-adhearsion-0.7.999/lib/adhearsion/voip/asterisk/commands.rb:735:in `wait_for_digit'
     /Library/Ruby/Gems/1.8/gems/jicksta-adhearsion-0.7.999/lib/adhearsion/voip/asterisk/commands.rb:409:in `input'
     /Library/Ruby/Gems/1.8/gems/jicksta-adhearsion-0.7.999/lib/adhearsion/voip/asterisk/commands.rb:396:in `loop'
     /Library/Ruby/Gems/1.8/gems/jicksta-adhearsion-0.7.999/lib/adhearsion/voip/asterisk/commands.rb:396:in `input'
     /Users/davetroy/Development/votereport/adhearsion/components/vote_report/lib/vote_report.rb:35:in `get_digits'
     /Users/davetroy/Development/votereport/adhearsion/components/vote_report/lib/vote_report.rb:42:in `collect_zip'
     /Users/davetroy/Development/votereport/adhearsion/components/vote_report/lib/vote_report.rb:51:in `confirm'
     /Users/davetroy/Development/votereport/adhearsion/components/vote_report/lib/vote_report.rb:41:in `collect_zip'
     /Users/davetroy/Development/votereport/adhearsion/components/vote_report/lib/vote_report.rb:10:in `start'
     (eval):17:in `build'
     /Library/Ruby/Gems/1.8/gems/jicksta-adhearsion-0.7.999/lib/adhearsion/voip/dial_plan.rb:39:in `instance_eval'
     /Library/Ruby/Gems/1.8/gems/jicksta-adhearsion-0.7.999/lib/adhearsion/voip/dial_plan.rb:39:in `run'
     /Library/Ruby/Gems/1.8/gems/jicksta-adhearsion-0.7.999/lib/adhearsion/voip/dial_plan.rb:100:in `handle'
     /Library/Ruby/Gems/1.8/gems/jicksta-adhearsion-0.7.999/lib/adhearsion/voip/dial_plan.rb:75:in `handle'
     /Library/Ruby/Gems/1.8/gems/jicksta-adhearsion-0.7.999/lib/adhearsion/voip/asterisk/agi_server.rb:23:in `serve'
     /System/Library/Frameworks/Ruby.framework/Versions/1.8/usr/lib/ruby/1.8/gserver.rb:211:in `start'
     /System/Library/Frameworks/Ruby.framework/Versions/1.8/usr/lib/ruby/1.8/gserver.rb:208:in `initialize'
     /System/Library/Frameworks/Ruby.framework/Versions/1.8/usr/lib/ruby/1.8/gserver.rb:208:in `new'
     /System/Library/Frameworks/Ruby.framework/Versions/1.8/usr/lib/ruby/1.8/gserver.rb:208:in `start'
     /System/Library/Frameworks/Ruby.framework/Versions/1.8/usr/lib/ruby/1.8/gserver.rb:198:in `initialize'
     /System/Library/Frameworks/Ruby.framework/Versions/1.8/usr/lib/ruby/1.8/gserver.rb:198:in `new'
     /System/Library/Frameworks/Ruby.framework/Versions/1.8/usr/lib/ruby/1.8/gserver.rb:198:in `start'
     /Library/Ruby/Gems/1.8/gems/jicksta-adhearsion-0.7.999/lib/adhearsion/voip/asterisk/agi_server.rb:66:in `start'
     /Library/Ruby/Gems/1.8/gems/jicksta-adhearsion-0.7.999/lib/adhearsion/initializer/asterisk.rb:45:in `join_server_thread_after_initialized'
     /Library/Ruby/Gems/1.8/gems/activesupport-2.1.1/lib/active_support/core_ext/symbol.rb:11:in `call'
     /Library/Ruby/Gems/1.8/gems/activesupport-2.1.1/lib/active_support/core_ext/symbol.rb:11:in `__send__'
     /Library/Ruby/Gems/1.8/gems/activesupport-2.1.1/lib/active_support/core_ext/symbol.rb:11:in `to_proc'
     /Library/Ruby/Gems/1.8/gems/jicksta-adhearsion-0.7.999/lib/adhearsion/hooks.rb:20:in `each'
     /Library/Ruby/Gems/1.8/gems/jicksta-adhearsion-0.7.999/lib/adhearsion/hooks.rb:20:in `trigger_hooks'
     /Library/Ruby/Gems/1.8/gems/jicksta-adhearsion-0.7.999/lib/adhearsion/initializer.rb:208:in `trigger_after_initialized_hooks'
     /Library/Ruby/Gems/1.8/gems/jicksta-adhearsion-0.7.999/lib/adhearsion/initializer.rb:109:in `start'
     /Library/Ruby/Gems/1.8/gems/jicksta-adhearsion-0.7.999/lib/adhearsion/initializer.rb:57:in `start'
     /Library/Ruby/Gems/1.8/gems/jicksta-adhearsion-0.7.999/lib/adhearsion/cli.rb:70:in `start'
     /Library/Ruby/Gems/1.8/gems/jicksta-adhearsion-0.7.999/lib/adhearsion/cli.rb:18:in `send'
     /Library/Ruby/Gems/1.8/gems/jicksta-adhearsion-0.7.999/lib/adhearsion/cli.rb:18:in `execute!'
     /Library/Ruby/Gems/1.8/gems/jicksta-adhearsion-0.7.999/bin/ahn:28
     /usr/bin/ahn:19:in `load'
     /usr/bin/ahn:19
 INFO agi: Handling call with variables {:dnid=>4107572215, :type=>"SIP", :priority=>2, :callingpres=>0, :type_of_calling_number=>:unknown, :calleridname=>4107572215, :callingtns=>0, :extension=>4107572215, :rdnis=>nil, :language=>"en", :network=>true, :query=>{}, :channel=>"SIP/4106475812-08af2830", :callingani2=>0, :callerid=>"Restricted", :request=>#<URI::Generic:0x120800e URL:agi://192.168.1.3:4573>, :accountcode=>"", :uniqueid=>1224628703.201, :context=>"inboundpots", :enhanced=>0.0}
ERROR agi: #<ArgumentError: Can't coerce nil into AGI response! This could be a bug!>
ERROR agi:      /Library/Ruby/Gems/1.8/gems/jicksta-adhearsion-0.7.999/lib/adhearsion/voip/asterisk/commands.rb:808:in `result_digit_from'
     /Library/Ruby/Gems/1.8/gems/jicksta-adhearsion-0.7.999/lib/adhearsion/voip/asterisk/commands.rb:735:in `wait_for_digit'
     /Library/Ruby/Gems/1.8/gems/jicksta-adhearsion-0.7.999/lib/adhearsion/voip/asterisk/commands.rb:409:in `input'
     /Library/Ruby/Gems/1.8/gems/jicksta-adhearsion-0.7.999/lib/adhearsion/voip/asterisk/commands.rb:396:in `loop'
     /Library/Ruby/Gems/1.8/gems/jicksta-adhearsion-0.7.999/lib/adhearsion/voip/asterisk/commands.rb:396:in `input'
     /Users/davetroy/Development/votereport/adhearsion/components/vote_report/lib/vote_report.rb:35:in `get_digits'
     /Users/davetroy/Development/votereport/adhearsion/components/vote_report/lib/vote_report.rb:42:in `collect_zip'
     /Users/davetroy/Development/votereport/adhearsion/components/vote_report/lib/vote_report.rb:51:in `confirm'
     /Users/davetroy/Development/votereport/adhearsion/components/vote_report/lib/vote_report.rb:41:in `collect_zip'
     /Users/davetroy/Development/votereport/adhearsion/components/vote_report/lib/vote_report.rb:10:in `start'
     (eval):17:in `build'
     /Library/Ruby/Gems/1.8/gems/jicksta-adhearsion-0.7.999/lib/adhearsion/voip/dial_plan.rb:39:in `instance_eval'
     /Library/Ruby/Gems/1.8/gems/jicksta-adhearsion-0.7.999/lib/adhearsion/voip/dial_plan.rb:39:in `run'
     /Library/Ruby/Gems/1.8/gems/jicksta-adhearsion-0.7.999/lib/adhearsion/voip/dial_plan.rb:100:in `handle'
     /Library/Ruby/Gems/1.8/gems/jicksta-adhearsion-0.7.999/lib/adhearsion/voip/dial_plan.rb:75:in `handle'
     /Library/Ruby/Gems/1.8/gems/jicksta-adhearsion-0.7.999/lib/adhearsion/voip/asterisk/agi_server.rb:23:in `serve'
     /System/Library/Frameworks/Ruby.framework/Versions/1.8/usr/lib/ruby/1.8/gserver.rb:211:in `start'
     /System/Library/Frameworks/Ruby.framework/Versions/1.8/usr/lib/ruby/1.8/gserver.rb:208:in `initialize'
     /System/Library/Frameworks/Ruby.framework/Versions/1.8/usr/lib/ruby/1.8/gserver.rb:208:in `new'
     /System/Library/Frameworks/Ruby.framework/Versions/1.8/usr/lib/ruby/1.8/gserver.rb:208:in `start'
     /System/Library/Frameworks/Ruby.framework/Versions/1.8/usr/lib/ruby/1.8/gserver.rb:198:in `initialize'
     /System/Library/Frameworks/Ruby.framework/Versions/1.8/usr/lib/ruby/1.8/gserver.rb:198:in `new'
     /System/Library/Frameworks/Ruby.framework/Versions/1.8/usr/lib/ruby/1.8/gserver.rb:198:in `start'
     /Library/Ruby/Gems/1.8/gems/jicksta-adhearsion-0.7.999/lib/adhearsion/voip/asterisk/agi_server.rb:66:in `start'
     /Library/Ruby/Gems/1.8/gems/jicksta-adhearsion-0.7.999/lib/adhearsion/initializer/asterisk.rb:45:in `join_server_thread_after_initialized'
     /Library/Ruby/Gems/1.8/gems/activesupport-2.1.1/lib/active_support/core_ext/symbol.rb:11:in `call'
     /Library/Ruby/Gems/1.8/gems/activesupport-2.1.1/lib/active_support/core_ext/symbol.rb:11:in `__send__'
     /Library/Ruby/Gems/1.8/gems/activesupport-2.1.1/lib/active_support/core_ext/symbol.rb:11:in `to_proc'
     /Library/Ruby/Gems/1.8/gems/jicksta-adhearsion-0.7.999/lib/adhearsion/hooks.rb:20:in `each'
     /Library/Ruby/Gems/1.8/gems/jicksta-adhearsion-0.7.999/lib/adhearsion/hooks.rb:20:in `trigger_hooks'
     /Library/Ruby/Gems/1.8/gems/jicksta-adhearsion-0.7.999/lib/adhearsion/initializer.rb:208:in `trigger_after_initialized_hooks'
     /Library/Ruby/Gems/1.8/gems/jicksta-adhearsion-0.7.999/lib/adhearsion/initializer.rb:109:in `start'
     /Library/Ruby/Gems/1.8/gems/jicksta-adhearsion-0.7.999/lib/adhearsion/initializer.rb:57:in `start'
     /Library/Ruby/Gems/1.8/gems/jicksta-adhearsion-0.7.999/lib/adhearsion/cli.rb:70:in `start'
     /Library/Ruby/Gems/1.8/gems/jicksta-adhearsion-0.7.999/lib/adhearsion/cli.rb:18:in `send'
     /Library/Ruby/Gems/1.8/gems/jicksta-adhearsion-0.7.999/lib/adhearsion/cli.rb:18:in `execute!'
     /Library/Ruby/Gems/1.8/gems/jicksta-adhearsion-0.7.999/bin/ahn:28
     /usr/bin/ahn:19:in `load'
     /usr/bin/ahn:19
 INFO agi: Handling call with variables {:dnid=>4107572215, :type=>"SIP", :priority=>2, :callingpres=>0, :type_of_calling_number=>:unknown, :calleridname=>4107572215, :callingtns=>0, :extension=>4107572215, :rdnis=>nil, :language=>"en", :network=>true, :query=>{}, :channel=>"SIP/4106475812-08ad4c40", :callingani2=>0, :callerid=>"Restricted", :request=>#<URI::Generic:0x1203f40 URL:agi://192.168.1.3:4573>, :accountcode=>"", :uniqueid=>1224634647.209, :context=>"inboundpots", :enhanced=>0.0}
ERROR agi: #<ArgumentError: Can't coerce nil into AGI response! This could be a bug!>
ERROR agi:      /Library/Ruby/Gems/1.8/gems/jicksta-adhearsion-0.7.999/lib/adhearsion/voip/asterisk/commands.rb:808:in `result_digit_from'
     /Library/Ruby/Gems/1.8/gems/jicksta-adhearsion-0.7.999/lib/adhearsion/voip/asterisk/commands.rb:735:in `wait_for_digit'
     /Library/Ruby/Gems/1.8/gems/jicksta-adhearsion-0.7.999/lib/adhearsion/voip/asterisk/commands.rb:409:in `input'
     /Library/Ruby/Gems/1.8/gems/jicksta-adhearsion-0.7.999/lib/adhearsion/voip/asterisk/commands.rb:396:in `loop'
     /Library/Ruby/Gems/1.8/gems/jicksta-adhearsion-0.7.999/lib/adhearsion/voip/asterisk/commands.rb:396:in `input'
     /Users/davetroy/Development/votereport/adhearsion/components/vote_report/lib/vote_report.rb:35:in `get_digits'
     /Users/davetroy/Development/votereport/adhearsion/components/vote_report/lib/vote_report.rb:42:in `collect_zip'
     /Users/davetroy/Development/votereport/adhearsion/components/vote_report/lib/vote_report.rb:51:in `confirm'
     /Users/davetroy/Development/votereport/adhearsion/components/vote_report/lib/vote_report.rb:41:in `collect_zip'
     /Users/davetroy/Development/votereport/adhearsion/components/vote_report/lib/vote_report.rb:10:in `start'
     (eval):17:in `build'
     /Library/Ruby/Gems/1.8/gems/jicksta-adhearsion-0.7.999/lib/adhearsion/voip/dial_plan.rb:39:in `instance_eval'
     /Library/Ruby/Gems/1.8/gems/jicksta-adhearsion-0.7.999/lib/adhearsion/voip/dial_plan.rb:39:in `run'
     /Library/Ruby/Gems/1.8/gems/jicksta-adhearsion-0.7.999/lib/adhearsion/voip/dial_plan.rb:100:in `handle'
     /Library/Ruby/Gems/1.8/gems/jicksta-adhearsion-0.7.999/lib/adhearsion/voip/dial_plan.rb:75:in `handle'
     /Library/Ruby/Gems/1.8/gems/jicksta-adhearsion-0.7.999/lib/adhearsion/voip/asterisk/agi_server.rb:23:in `serve'
     /System/Library/Frameworks/Ruby.framework/Versions/1.8/usr/lib/ruby/1.8/gserver.rb:211:in `start'
     /System/Library/Frameworks/Ruby.framework/Versions/1.8/usr/lib/ruby/1.8/gserver.rb:208:in `initialize'
     /System/Library/Frameworks/Ruby.framework/Versions/1.8/usr/lib/ruby/1.8/gserver.rb:208:in `new'
     /System/Library/Frameworks/Ruby.framework/Versions/1.8/usr/lib/ruby/1.8/gserver.rb:208:in `start'
     /System/Library/Frameworks/Ruby.framework/Versions/1.8/usr/lib/ruby/1.8/gserver.rb:198:in `initialize'
     /System/Library/Frameworks/Ruby.framework/Versions/1.8/usr/lib/ruby/1.8/gserver.rb:198:in `new'
     /System/Library/Frameworks/Ruby.framework/Versions/1.8/usr/lib/ruby/1.8/gserver.rb:198:in `start'
     /Library/Ruby/Gems/1.8/gems/jicksta-adhearsion-0.7.999/lib/adhearsion/voip/asterisk/agi_server.rb:66:in `start'
     /Library/Ruby/Gems/1.8/gems/jicksta-adhearsion-0.7.999/lib/adhearsion/initializer/asterisk.rb:45:in `join_server_thread_after_initialized'
     /Library/Ruby/Gems/1.8/gems/activesupport-2.1.1/lib/active_support/core_ext/symbol.rb:11:in `call'
     /Library/Ruby/Gems/1.8/gems/activesupport-2.1.1/lib/active_support/core_ext/symbol.rb:11:in `__send__'
     /Library/Ruby/Gems/1.8/gems/activesupport-2.1.1/lib/active_support/core_ext/symbol.rb:11:in `to_proc'
     /Library/Ruby/Gems/1.8/gems/jicksta-adhearsion-0.7.999/lib/adhearsion/hooks.rb:20:in `each'
     /Library/Ruby/Gems/1.8/gems/jicksta-adhearsion-0.7.999/lib/adhearsion/hooks.rb:20:in `trigger_hooks'
     /Library/Ruby/Gems/1.8/gems/jicksta-adhearsion-0.7.999/lib/adhearsion/initializer.rb:208:in `trigger_after_initialized_hooks'
     /Library/Ruby/Gems/1.8/gems/jicksta-adhearsion-0.7.999/lib/adhearsion/initializer.rb:109:in `start'
     /Library/Ruby/Gems/1.8/gems/jicksta-adhearsion-0.7.999/lib/adhearsion/initializer.rb:57:in `start'
     /Library/Ruby/Gems/1.8/gems/jicksta-adhearsion-0.7.999/lib/adhearsion/cli.rb:70:in `start'
     /Library/Ruby/Gems/1.8/gems/jicksta-adhearsion-0.7.999/lib/adhearsion/cli.rb:18:in `send'
     /Library/Ruby/Gems/1.8/gems/jicksta-adhearsion-0.7.999/lib/adhearsion/cli.rb:18:in `execute!'
     /Library/Ruby/Gems/1.8/gems/jicksta-adhearsion-0.7.999/bin/ahn:28
     /usr/bin/ahn:19:in `load'
     /usr/bin/ahn:19
 INFO ahn: Shutting down gracefully at Tue Oct 21 20:50:27 -0400 2008.
